<?xml version="1.0" encoding="UTF-8"?>
<!-- Generated by org.testng.reporters.JUnitReportReporter -->
<testsuite name="com.makemytrip.TestCases.HomePageTest" tests="1" time="17.067" ignored="0" failures="0" timestamp="23 Sep 2021 10:43:03 GMT" skipped="0" hostname="RACLAP80-COMP" errors="0">
  <testcase name="baseClassNavigation" time="17.067" classname="com.makemytrip.TestCases.HomePageTest"/>
</testsuite> <!-- com.makemytrip.TestCases.HomePageTest -->
